<?xml version="1.0" encoding="UTF-8"?>
<!-- Generated by org.testng.reporters.JUnitXMLReporter -->
<testsuite hostname="MacBook-Pro-2.attlocal.net" ignored="0" name="Test-0" tests="1" failures="0" timestamp="2022-11-12T10:35:30 EST" time="21.412" errors="0">
  <testcase name="titleCheck" time="21.288" classname="rahulshettyacademy.TestDemo"/>
</testsuite> <!-- Test-0 -->
