<?xml version="1.0" encoding="UTF-8"?>
<!-- Generated by org.testng.reporters.JUnitXMLReporter -->
<testsuite hostname="MacBook-Pro-2.attlocal.net" ignored="0" name="Test-1" tests="1" failures="0" timestamp="2022-11-12T10:35:18 EST" time="9.751" errors="0">
  <testcase name="titleCheck" time="9.584" classname="rahulshettyacademy.TestDemo"/>
</testsuite> <!-- Test-1 -->
