<?xml version="1.0" encoding="UTF-8"?>
<!-- Generated by org.testng.reporters.JUnitReportReporter -->
<testsuite skipped="0" hostname="MacBook-Pro-2.attlocal.net" name="rahulshettyacademy.TestDemo2" tests="2" failures="0" timestamp="2022-11-12T10:35:46 EST" time="37.682" errors="0">
  <testcase name="titleCheckGoogle" time="22.076" classname="rahulshettyacademy.TestDemo2"/>
  <system-out/>
  <testcase name="titleCheckGoogle" time="15.606" classname="rahulshettyacademy.TestDemo2"/>
  <system-out/>
</testsuite> <!-- rahulshettyacademy.TestDemo2 -->
