<?xml version="1.0" encoding="UTF-8"?>
<!-- Generated by org.testng.reporters.JUnitReportReporter -->
<testsuite skipped="0" hostname="MacBook-Pro-2.attlocal.net" name="rahulshettyacademy.TestDemo" tests="2" failures="0" timestamp="2022-11-12T10:35:46 EST" time="30.872" errors="0">
  <testcase name="titleCheck" time="9.584" classname="rahulshettyacademy.TestDemo"/>
  <system-out/>
  <testcase name="titleCheck" time="21.288" classname="rahulshettyacademy.TestDemo"/>
  <system-out/>
</testsuite> <!-- rahulshettyacademy.TestDemo -->
